<?xml version="1.0" encoding="UTF-8"?>
<!-- Generated by org.testng.reporters.JUnitReportReporter -->
<testsuite hostname="Mamatha" failures="0" tests="1" name="chatgpt" time="5.015" errors="1" timestamp="2023-12-07T16:25:58 IST" skipped="0">
  <testcase classname="chatgpt" name="gpt" time="5.015">
    <error message="session not created: This version of ChromeDriver only supports Chrome version 103
Current browser version is 119.0.6045.200 with binary path C:\Program Files\Google\Chrome\Application\chrome.exe
Build info: version: &#039;3.11.0&#039;, revision: &#039;e59cfb3&#039;, time: &#039;2018-03-11T20:26:55.152Z&#039;
System info: host: &#039;MAMATHA&#039;, ip: &#039;192.168.10.41&#039;, os.name: &#039;Windows 11&#039;, os.arch: &#039;amd64&#039;, os.version: &#039;10.0&#039;, java.version: &#039;21.0.1&#039;
Driver info: driver.version: ChromeDriver
remote stacktrace: Backtrace:
	Ordinal0 [0x00DF6463+2188387]
	Ordinal0 [0x00D8E461+1762401]
	Ordinal0 [0x00CA3D78+802168]
	Ordinal0 [0x00CC4E59+937561]
	Ordinal0 [0x00CC0A6C+920172]
	Ordinal0 [0x00CBE331+910129]
	Ordinal0 [0x00CF1430+1119280]
	Ordinal0 [0x00CF108A+1118346]
	Ordinal0 [0x00CEC5F6+1099254]
	Ordinal0 [0x00CC6BE0+945120]
	Ordinal0 [0x00CC7AD6+948950]
	GetHandleVerifier [0x010971F2+2712546]
	GetHandleVerifier [0x0108886D+2652765]
	GetHandleVerifier [0x00E8002A+520730]
	GetHandleVerifier [0x00E7EE06+516086]
	Ordinal0 [0x00D9468B+1787531]
	Ordinal0 [0x00D98E88+1805960]
	Ordinal0 [0x00D98F75+1806197]
	Ordinal0 [0x00DA1DF1+1842673]
	BaseThreadInitThunk [0x769B7BA9+25]
	RtlInitializeExceptionChain [0x77A2BD2B+107]
	RtlClearBits [0x77A2BCAF+191]
" type="org.openqa.selenium.SessionNotCreatedException">
      <![CDATA[org.openqa.selenium.SessionNotCreatedException: session not created: This version of ChromeDriver only supports Chrome version 103
Current browser version is 119.0.6045.200 with binary path C:\Program Files\Google\Chrome\Application\chrome.exe
Build info: version: '3.11.0', revision: 'e59cfb3', time: '2018-03-11T20:26:55.152Z'
System info: host: 'MAMATHA', ip: '192.168.10.41', os.name: 'Windows 11', os.arch: 'amd64', os.version: '10.0', java.version: '21.0.1'
Driver info: driver.version: ChromeDriver
remote stacktrace: Backtrace:
Ordinal0 [0x00DF6463+2188387]
Ordinal0 [0x00D8E461+1762401]
Ordinal0 [0x00CA3D78+802168]
Ordinal0 [0x00CC4E59+937561]
Ordinal0 [0x00CC0A6C+920172]
Ordinal0 [0x00CBE331+910129]
Ordinal0 [0x00CF1430+1119280]
Ordinal0 [0x00CF108A+1118346]
Ordinal0 [0x00CEC5F6+1099254]
Ordinal0 [0x00CC6BE0+945120]
Ordinal0 [0x00CC7AD6+948950]
GetHandleVerifier [0x010971F2+2712546]
GetHandleVerifier [0x0108886D+2652765]
GetHandleVerifier [0x00E8002A+520730]
GetHandleVerifier [0x00E7EE06+516086]
Ordinal0 [0x00D9468B+1787531]
Ordinal0 [0x00D98E88+1805960]
Ordinal0 [0x00D98F75+1806197]
Ordinal0 [0x00DA1DF1+1842673]
BaseThreadInitThunk [0x769B7BA9+25]
RtlInitializeExceptionChain [0x77A2BD2B+107]
RtlClearBits [0x77A2BCAF+191]

at java.base/jdk.internal.reflect.DirectConstructorHandleAccessor.newInstance(DirectConstructorHandleAccessor.java:62)
at java.base/java.lang.reflect.Constructor.newInstanceWithCaller(Constructor.java:502)
at java.base/java.lang.reflect.Constructor.newInstance(Constructor.java:486)
at org.openqa.selenium.remote.W3CHandshakeResponse.lambda$new$0(W3CHandshakeResponse.java:57)
at org.openqa.selenium.remote.W3CHandshakeResponse.lambda$getResponseFunction$2(W3CHandshakeResponse.java:104)
at org.openqa.selenium.remote.ProtocolHandshake.lambda$createSession$0(ProtocolHandshake.java:123)
at java.base/java.util.stream.ReferencePipeline$3$1.accept(ReferencePipeline.java:197)
at java.base/java.util.Spliterators$ArraySpliterator.tryAdvance(Spliterators.java:1034)
at java.base/java.util.stream.ReferencePipeline.forEachWithCancel(ReferencePipeline.java:129)
at java.base/java.util.stream.AbstractPipeline.copyIntoWithCancel(AbstractPipeline.java:527)
at java.base/java.util.stream.AbstractPipeline.copyInto(AbstractPipeline.java:513)
at java.base/java.util.stream.AbstractPipeline.wrapAndCopyInto(AbstractPipeline.java:499)
at java.base/java.util.stream.FindOps$FindOp.evaluateSequential(FindOps.java:150)
at java.base/java.util.stream.AbstractPipeline.evaluate(AbstractPipeline.java:234)
at java.base/java.util.stream.ReferencePipeline.findFirst(ReferencePipeline.java:647)
at org.openqa.selenium.remote.ProtocolHandshake.createSession(ProtocolHandshake.java:126)
at org.openqa.selenium.remote.ProtocolHandshake.createSession(ProtocolHandshake.java:73)
at org.openqa.selenium.remote.HttpCommandExecutor.execute(HttpCommandExecutor.java:136)
at org.openqa.selenium.remote.service.DriverCommandExecutor.execute(DriverCommandExecutor.java:83)
at org.openqa.selenium.remote.RemoteWebDriver.execute(RemoteWebDriver.java:545)
at org.openqa.selenium.remote.RemoteWebDriver.startSession(RemoteWebDriver.java:209)
at org.openqa.selenium.remote.RemoteWebDriver.<init>(RemoteWebDriver.java:132)
at org.openqa.selenium.chrome.ChromeDriver.<init>(ChromeDriver.java:181)
at org.openqa.selenium.chrome.ChromeDriver.<init>(ChromeDriver.java:168)
at org.openqa.selenium.chrome.ChromeDriver.<init>(ChromeDriver.java:123)
at chatgpt.gpt(chatgpt.java:16)
at java.base/jdk.internal.reflect.DirectMethodHandleAccessor.invoke(DirectMethodHandleAccessor.java:103)
at java.base/java.lang.reflect.Method.invoke(Method.java:580)
at org.testng.internal.MethodInvocationHelper.invokeMethod(MethodInvocationHelper.java:133)
at org.testng.internal.TestInvoker.invokeMethod(TestInvoker.java:598)
at org.testng.internal.TestInvoker.invokeTestMethod(TestInvoker.java:173)
at org.testng.internal.MethodRunner.runInSequence(MethodRunner.java:46)
at org.testng.internal.TestInvoker$MethodInvocationAgent.invoke(TestInvoker.java:824)
at org.testng.internal.TestInvoker.invokeTestMethods(TestInvoker.java:146)
at org.testng.internal.TestMethodWorker.invokeTestMethods(TestMethodWorker.java:146)
at org.testng.internal.TestMethodWorker.run(TestMethodWorker.java:128)
at java.base/java.util.ArrayList.forEach(ArrayList.java:1596)
at org.testng.TestRunner.privateRun(TestRunner.java:794)
at org.testng.TestRunner.run(TestRunner.java:596)
at org.testng.SuiteRunner.runTest(SuiteRunner.java:377)
at org.testng.SuiteRunner.runSequentially(SuiteRunner.java:371)
at org.testng.SuiteRunner.privateRun(SuiteRunner.java:332)
at org.testng.SuiteRunner.run(SuiteRunner.java:276)
at org.testng.SuiteRunnerWorker.runSuite(SuiteRunnerWorker.java:53)
at org.testng.SuiteRunnerWorker.run(SuiteRunnerWorker.java:96)
at org.testng.TestNG.runSuitesSequentially(TestNG.java:1212)
at org.testng.TestNG.runSuitesLocally(TestNG.java:1134)
at org.testng.TestNG.runSuites(TestNG.java:1063)
at org.testng.TestNG.run(TestNG.java:1031)
at org.testng.remote.AbstractRemoteTestNG.run(AbstractRemoteTestNG.java:115)
at org.testng.remote.RemoteTestNG.initAndRun(RemoteTestNG.java:251)
at org.testng.remote.RemoteTestNG.main(RemoteTestNG.java:77)
]]>
    </error>
  </testcase> <!-- gpt -->
  <system-out/>
</testsuite> <!-- chatgpt -->
